#
# A fatal error has been detected by the Java Runtime Environment:
#
#  EXCEPTION_ACCESS_VIOLATION (0xc0000005) at pc=0x000000005fceb8ea, pid=7824, tid=0x0000000000002238
#
# JRE version: Java(TM) SE Runtime Environment (8.0_171-b11) (build 1.8.0_171-b11)
# Java VM: Java HotSpot(TM) 64-Bit Server VM (25.171-b11 mixed mode windows-amd64 compressed oops)
# Problematic frame:
# V  [jvm.dll+0x13b8ea]
#
# Failed to write core dump. Minidumps are not enabled by default on client versions of Windows
#
# If you would like to submit a bug report, please visit:
#   http://bugreport.java.com/bugreport/crash.jsp
#

---------------  T H R E A D  ---------------

Current thread (0x00000000028e2800):  JavaThread "main" [_thread_in_vm, id=8760, stack(0x0000000002620000,0x0000000002720000)]

siginfo: ExceptionCode=0xc0000005, reading address 0x0000000000000000

Registers:
RAX=0x0000000000000003, RBX=0x0000000000000000, RCX=0x0000000000000000, RDX=0x0000000000000000
RSP=0x000000000271e150, RBP=0x000000000271e249, RSI=0x000000001bab1900, RDI=0x000000001d92cc50
R8 =0x000000000000000c, R9 =0x000000005fbb0000, R10=0x000000001d92cc50, R11=0x000000005fbb0000
R12=0x000000000000000c, R13=0x000000000000000c, R14=0x000000001bab1850, R15=0x0000000000000003
RIP=0x000000005fceb8ea, EFLAGS=0x0000000000010206

Top of Stack: (sp=0x000000000271e150)
0x000000000271e150:   00000000029276f0 000000001bab18c0
0x000000000271e160:   0000000000000009 00000000603c5070
0x000000000271e170:   000000001d92cc50 000000005fca6078
0x000000000271e180:   0000000000000000 000000001bab18f8
0x000000000271e190:   0000000000000020 0000000000000020
0x000000000271e1a0:   0000000000000008 000000005fca7451
0x000000000271e1b0:   000000001d8f5524 000000005fdceefa
0x000000000271e1c0:   0000000000000020 0000000000000020
0x000000000271e1d0:   0000000000f6ebc0 0000000000000000
0x000000000271e1e0:   0000000000000000 00000000603c5070
0x000000000271e1f0:   000000000000001c 0000000000000057
0x000000000271e200:   000000001d92cc50 000000005fc2652a
0x000000000271e210:   0000000000000020 0000000000000020
0x000000000271e220:   0000000000000057 00007ffbe4e53c1c
0x000000000271e230:   0000000000000016 0000000061d20003
0x000000000271e240:   0000000002928170 000000005fc267d8 

Instructions: (pc=0x000000005fceb8ea)
0x000000005fceb8ca:   ff ca 88 41 ff 75 ef 43 c6 04 10 00 49 8b c2 c3
0x000000005fceb8da:   cc cc cc cc cc cc 48 89 5c 24 08 57 48 83 ec 20
0x000000005fceb8ea:   0f b7 39 48 8b d9 33 d2 ff c7 48 63 cf e8 c4 15
0x000000005fceb8fa:   fb ff 4c 8b d8 85 ff 7e 45 44 0f b7 03 8d 57 ff 


Register to memory mapping:

RAX=0x0000000000000003 is an unknown value
RBX=0x0000000000000000 is an unknown value
RCX=0x0000000000000000 is an unknown value
RDX=0x0000000000000000 is an unknown value
RSP=0x000000000271e150 is pointing into the stack for thread: 0x00000000028e2800
RBP=0x000000000271e249 is pointing into the stack for thread: 0x00000000028e2800
RSI=0x000000001bab1900 is pointing into metadata
RDI=0x000000001d92cc50 is an unknown value
R8 =0x000000000000000c is an unknown value
R9 =0x000000005fbb0000 is an unknown value
R10=0x000000001d92cc50 is an unknown value
R11=0x000000005fbb0000 is an unknown value
R12=0x000000000000000c is an unknown value
R13=0x000000000000000c is an unknown value
R14=0x000000001bab1850 is pointing into metadata
R15=0x0000000000000003 is an unknown value


Stack: [0x0000000002620000,0x0000000002720000],  sp=0x000000000271e150,  free space=1016k
Native frames: (J=compiled Java code, j=interpreted, Vv=VM code, C=native code)
V  [jvm.dll+0x13b8ea]
V  [jvm.dll+0xf6078]
V  [jvm.dll+0xf7451]
V  [jvm.dll+0x19fbe2]
V  [jvm.dll+0x1a36a3]
V  [jvm.dll+0x1aaa1d]
V  [jvm.dll+0x34b7c1]
C  [instrument.dll+0x39fa]
C  0x00000000029f8627

Java frames: (J=compiled Java code, j=interpreted, Vv=VM code)
j  sun.instrument.InstrumentationImpl.retransformClasses0(J[Ljava/lang/Class;)V+0
j  sun.instrument.InstrumentationImpl.retransformClasses([Ljava/lang/Class;)V+23
j  agent.HotMethodAgent.premain(Ljava/lang/String;Ljava/lang/instrument/Instrumentation;)V+64
v  ~StubRoutines::call_stub
j  sun.reflect.NativeMethodAccessorImpl.invoke0(Ljava/lang/reflect/Method;Ljava/lang/Object;[Ljava/lang/Object;)Ljava/lang/Object;+0
j  sun.reflect.NativeMethodAccessorImpl.invoke(Ljava/lang/Object;[Ljava/lang/Object;)Ljava/lang/Object;+100
j  sun.reflect.DelegatingMethodAccessorImpl.invoke(Ljava/lang/Object;[Ljava/lang/Object;)Ljava/lang/Object;+6
j  java.lang.reflect.Method.invoke(Ljava/lang/Object;[Ljava/lang/Object;)Ljava/lang/Object;+56
j  sun.instrument.InstrumentationImpl.loadClassAndStartAgent(Ljava/lang/String;Ljava/lang/String;Ljava/lang/String;)V+174
j  sun.instrument.InstrumentationImpl.loadClassAndCallPremain(Ljava/lang/String;Ljava/lang/String;)V+5
v  ~StubRoutines::call_stub

---------------  P R O C E S S  ---------------

Java Threads: ( => current thread )
  0x000000001d924000 JavaThread "D3D Screen Updater" daemon [_thread_blocked, id=11640, stack(0x0000000023420000,0x0000000023520000)]
  0x000000001d8e7800 JavaThread "AWT-EventQueue-0" [_thread_blocked, id=8256, stack(0x0000000023320000,0x0000000023420000)]
  0x000000001d782000 JavaThread "AWT-Windows" daemon [_thread_in_native, id=11832, stack(0x000000001de40000,0x000000001df40000)]
  0x000000001d781000 JavaThread "AWT-Shutdown" [_thread_blocked, id=9364, stack(0x000000001dd40000,0x000000001de40000)]
  0x000000001d75c000 JavaThread "Java2D Disposer" daemon [_thread_blocked, id=7752, stack(0x000000001dc40000,0x000000001dd40000)]
  0x000000001c03d000 JavaThread "Attach Listener" daemon [_thread_blocked, id=11076, stack(0x000000001d5d0000,0x000000001d6d0000)]
  0x000000001c03b800 JavaThread "Signal Dispatcher" daemon [_thread_blocked, id=11824, stack(0x000000001d4d0000,0x000000001d5d0000)]
  0x000000001c02a800 JavaThread "Finalizer" daemon [_thread_blocked, id=8216, stack(0x000000001d2b0000,0x000000001d3b0000)]
  0x00000000029d1000 JavaThread "Reference Handler" daemon [_thread_blocked, id=1228, stack(0x000000001d1b0000,0x000000001d2b0000)]
=>0x00000000028e2800 JavaThread "main" [_thread_in_vm, id=8760, stack(0x0000000002620000,0x0000000002720000)]

Other Threads:
  0x000000001c008000 VMThread [stack: 0x000000001d0b0000,0x000000001d1b0000] [id=9452]

VM state:not at safepoint (normal execution)

VM Mutex/Monitor currently owned by a thread: None

Heap:
 PSYoungGen      total 76288K, used 38049K [0x000000076af00000, 0x0000000770400000, 0x00000007c0000000)
  eden space 65536K, 58% used [0x000000076af00000,0x000000076d428518,0x000000076ef00000)
  from space 10752K, 0% used [0x000000076f980000,0x000000076f980000,0x0000000770400000)
  to   space 10752K, 0% used [0x000000076ef00000,0x000000076ef00000,0x000000076f980000)
 ParOldGen       total 175104K, used 0K [0x00000006c0c00000, 0x00000006cb700000, 0x000000076af00000)
  object space 175104K, 0% used [0x00000006c0c00000,0x00000006c0c00000,0x00000006cb700000)
 Metaspace       used 9949K, capacity 10160K, committed 10368K, reserved 1058816K
  class space    used 1263K, capacity 1321K, committed 1408K, reserved 1048576K

Card table byte_map: [0x0000000011da0000,0x00000000125a0000] byte_map_base: 0x000000000e79a000

Marking Bits: (ParMarkBitMap*) 0x00000000603d08c0
 Begin Bits: [0x0000000012f00000, 0x0000000016ed0000)
 End Bits:   [0x0000000016ed0000, 0x000000001aea0000)

Polling page: 0x0000000000f30000

CodeCache: size=245760Kb used=627Kb max_used=627Kb free=245132Kb
 bounds [0x00000000029e0000, 0x0000000002c50000, 0x00000000119e0000]
 total_blobs=478 nmethods=50 adapters=394
 compilation: enabled

Compilation events (0 events):
No events

GC Heap History (0 events):
No events

Deoptimization events (0 events):
No events

Classes redefined (10 events):
Event: 6.441 Thread 0x000000001c008000 redefined class name=java.lang.invoke.LambdaForm$DMH/1915318863, count=1
Event: 6.443 Thread 0x000000001c008000 redefined class name=java.lang.invoke.LambdaForm$MH/1406718218, count=1
Event: 6.444 Thread 0x000000001c008000 redefined class name=java.lang.invoke.LambdaForm$MH/1826771953, count=1
Event: 6.446 Thread 0x000000001c008000 redefined class name=java.awt.GraphicsEnvironment$$Lambda$1/1044036744, count=1
Event: 6.447 Thread 0x000000001c008000 redefined class name=java.lang.invoke.LambdaForm$BMH/135721597, count=1
Event: 6.449 Thread 0x000000001c008000 redefined class name=java.lang.invoke.LambdaForm$BMH/1418481495, count=1
Event: 6.451 Thread 0x000000001c008000 redefined class name=java.lang.invoke.LambdaForm$BMH/471910020, count=1
Event: 6.453 Thread 0x000000001c008000 redefined class name=java.lang.invoke.LambdaForm$BMH/834600351, count=1
Event: 6.456 Thread 0x000000001c008000 redefined class name=java.lang.invoke.LambdaForm$BMH/321001045, count=1
Event: 6.457 Thread 0x000000001c008000 redefined class name=java.lang.invoke.LambdaForm$MH/424058530, count=1

Internal exceptions (10 events):
Event: 0.094 Thread 0x00000000028e2800 Exception <a 'java/lang/NoSuchMethodError': Method sun.misc.Unsafe.defineClass(Ljava/lang/String;[BII)Ljava/lang/Class; name or signature does not match> (0x000000076af07cb0) thrown at [C:\re\workspace\8-2-build-windows-amd64-cygwin\jdk8u171\10807\hotspot
Event: 0.094 Thread 0x00000000028e2800 Exception <a 'java/lang/NoSuchMethodError': Method sun.misc.Unsafe.prefetchRead(Ljava/lang/Object;J)V name or signature does not match> (0x000000076af07f98) thrown at [C:\re\workspace\8-2-build-windows-amd64-cygwin\jdk8u171\10807\hotspot\src\share\vm\prim
Event: 0.562 Thread 0x00000000028e2800 Exception <a 'java/lang/NoSuchFieldError': method resolution failed> (0x000000076b09a2d0) thrown at [C:\re\workspace\8-2-build-windows-amd64-cygwin\jdk8u171\10807\hotspot\src\share\vm\prims\methodHandles.cpp, line 1167]
Event: 0.566 Thread 0x00000000028e2800 Exception <a 'java/lang/NoSuchFieldError': method resolution failed> (0x000000076b0a7ad0) thrown at [C:\re\workspace\8-2-build-windows-amd64-cygwin\jdk8u171\10807\hotspot\src\share\vm\prims\methodHandles.cpp, line 1167]
Event: 0.744 Thread 0x00000000028e2800 Exception <a 'java/security/PrivilegedActionException'> (0x000000076b31f5a0) thrown at [C:\re\workspace\8-2-build-windows-amd64-cygwin\jdk8u171\10807\hotspot\src\share\vm\prims\jvm.cpp, line 1435]
Event: 0.744 Thread 0x00000000028e2800 Exception <a 'java/security/PrivilegedActionException'> (0x000000076b31f7b0) thrown at [C:\re\workspace\8-2-build-windows-amd64-cygwin\jdk8u171\10807\hotspot\src\share\vm\prims\jvm.cpp, line 1435]
Event: 0.749 Thread 0x00000000028e2800 Exception <a 'java/security/PrivilegedActionException'> (0x000000076b323608) thrown at [C:\re\workspace\8-2-build-windows-amd64-cygwin\jdk8u171\10807\hotspot\src\share\vm\prims\jvm.cpp, line 1435]
Event: 0.749 Thread 0x00000000028e2800 Exception <a 'java/security/PrivilegedActionException'> (0x000000076b323818) thrown at [C:\re\workspace\8-2-build-windows-amd64-cygwin\jdk8u171\10807\hotspot\src\share\vm\prims\jvm.cpp, line 1435]
Event: 0.788 Thread 0x00000000028e2800 Exception <a 'java/io/FileNotFoundException'> (0x000000076b39d6e0) thrown at [C:\re\workspace\8-2-build-windows-amd64-cygwin\jdk8u171\10807\hotspot\src\share\vm\prims\jni.cpp, line 709]
Event: 1.258 Thread 0x00000000028e2800 Exception <a 'java/io/FileNotFoundException'> (0x000000076be1af00) thrown at [C:\re\workspace\8-2-build-windows-amd64-cygwin\jdk8u171\10807\hotspot\src\share\vm\prims\jni.cpp, line 709]

Events (10 events):
Event: 6.448 Executing VM operation: RedefineClasses
Event: 6.449 Executing VM operation: RedefineClasses done
Event: 6.450 Executing VM operation: RedefineClasses
Event: 6.451 Executing VM operation: RedefineClasses done
Event: 6.451 Executing VM operation: RedefineClasses
Event: 6.453 Executing VM operation: RedefineClasses done
Event: 6.453 Executing VM operation: RedefineClasses
Event: 6.456 Executing VM operation: RedefineClasses done
Event: 6.456 Executing VM operation: RedefineClasses
Event: 6.458 Executing VM operation: RedefineClasses done


Dynamic libraries:
0x00007ff67a070000 - 0x00007ff67a0a7000 	C:\Program Files\Java\jre1.8.0_171\bin\javaw.exe
0x00007ffbe7ca0000 - 0x00007ffbe7e81000 	C:\WINDOWS\SYSTEM32\ntdll.dll
0x00007ffbe7930000 - 0x00007ffbe79e2000 	C:\WINDOWS\System32\KERNEL32.DLL
0x00007ffbe4e00000 - 0x00007ffbe5073000 	C:\WINDOWS\System32\KERNELBASE.dll
0x00007ffbe6eb0000 - 0x00007ffbe6f51000 	C:\WINDOWS\System32\ADVAPI32.dll
0x00007ffbe77a0000 - 0x00007ffbe783e000 	C:\WINDOWS\System32\msvcrt.dll
0x00007ffbe5460000 - 0x00007ffbe54bb000 	C:\WINDOWS\System32\sechost.dll
0x00007ffbe6cb0000 - 0x00007ffbe6dd4000 	C:\WINDOWS\System32\RPCRT4.dll
0x00007ffbe7610000 - 0x00007ffbe77a0000 	C:\WINDOWS\System32\USER32.dll
0x00007ffbe4de0000 - 0x00007ffbe4e00000 	C:\WINDOWS\System32\win32u.dll
0x00007ffbe7460000 - 0x00007ffbe7488000 	C:\WINDOWS\System32\GDI32.dll
0x00007ffbe4a70000 - 0x00007ffbe4c02000 	C:\WINDOWS\System32\gdi32full.dll
0x00007ffbe4ce0000 - 0x00007ffbe4d7f000 	C:\WINDOWS\System32\msvcp_win.dll
0x00007ffbe4070000 - 0x00007ffbe416a000 	C:\WINDOWS\System32\ucrtbase.dll
0x00007ffbd9960000 - 0x00007ffbd9bc9000 	C:\WINDOWS\WinSxS\amd64_microsoft.windows.common-controls_6595b64144ccf1df_6.0.17134.112_none_fb3f961b30681c12\COMCTL32.dll
0x00007ffbe5130000 - 0x00007ffbe5453000 	C:\WINDOWS\System32\combase.dll
0x00007ffbe4c60000 - 0x00007ffbe4cda000 	C:\WINDOWS\System32\bcryptPrimitives.dll
0x00007ffbe6fe0000 - 0x00007ffbe700d000 	C:\WINDOWS\System32\IMM32.DLL
0x0000000061cc0000 - 0x0000000061d92000 	C:\Program Files\Java\jre1.8.0_171\bin\msvcr100.dll
0x000000005fbb0000 - 0x0000000060450000 	C:\Program Files\Java\jre1.8.0_171\bin\server\jvm.dll
0x00007ffbe5800000 - 0x00007ffbe5808000 	C:\WINDOWS\System32\PSAPI.DLL
0x00007ffbd2de0000 - 0x00007ffbd2de9000 	C:\WINDOWS\SYSTEM32\WSOCK32.dll
0x00007ffbe6f60000 - 0x00007ffbe6fcc000 	C:\WINDOWS\System32\WS2_32.dll
0x00007ffbdec70000 - 0x00007ffbdec7a000 	C:\WINDOWS\SYSTEM32\VERSION.dll
0x00007ffbe1a40000 - 0x00007ffbe1a63000 	C:\WINDOWS\SYSTEM32\WINMM.dll
0x00007ffbe1a10000 - 0x00007ffbe1a3a000 	C:\WINDOWS\SYSTEM32\WINMMBASE.dll
0x00007ffbe4c10000 - 0x00007ffbe4c59000 	C:\WINDOWS\System32\cfgmgr32.dll
0x0000000061e80000 - 0x0000000061e8f000 	C:\Program Files\Java\jre1.8.0_171\bin\verify.dll
0x0000000061e50000 - 0x0000000061e79000 	C:\Program Files\Java\jre1.8.0_171\bin\java.dll
0x0000000061c90000 - 0x0000000061cb3000 	C:\Program Files\Java\jre1.8.0_171\bin\instrument.dll
0x0000000061e30000 - 0x0000000061e46000 	C:\Program Files\Java\jre1.8.0_171\bin\zip.dll
0x00007ffbe5810000 - 0x00007ffbe6c50000 	C:\WINDOWS\System32\SHELL32.dll
0x00007ffbe54e0000 - 0x00007ffbe5589000 	C:\WINDOWS\System32\shcore.dll
0x00007ffbe4360000 - 0x00007ffbe4a6d000 	C:\WINDOWS\System32\windows.storage.dll
0x00007ffbe7c10000 - 0x00007ffbe7c61000 	C:\WINDOWS\System32\shlwapi.dll
0x00007ffbe3fe0000 - 0x00007ffbe3ff1000 	C:\WINDOWS\System32\kernel.appcore.dll
0x00007ffbe4050000 - 0x00007ffbe406f000 	C:\WINDOWS\System32\profapi.dll
0x00007ffbe4000000 - 0x00007ffbe404c000 	C:\WINDOWS\System32\powrprof.dll
0x00007ffbe3fd0000 - 0x00007ffbe3fda000 	C:\WINDOWS\System32\FLTLIB.DLL
0x0000000061990000 - 0x0000000061b28000 	C:\Program Files\Java\jre1.8.0_171\bin\awt.dll
0x00007ffbe6de0000 - 0x00007ffbe6ea2000 	C:\WINDOWS\System32\OLEAUT32.dll
0x00007ffbe2070000 - 0x00007ffbe20fb000 	C:\WINDOWS\SYSTEM32\apphelp.dll
0x00007ffbe21f0000 - 0x00007ffbe2288000 	C:\WINDOWS\system32\uxtheme.dll
0x00007ffbe7490000 - 0x00007ffbe7605000 	C:\WINDOWS\System32\MSCTF.dll
0x00007ffbe2480000 - 0x00007ffbe24a9000 	C:\WINDOWS\system32\dwmapi.dll
0x00007ffbe5600000 - 0x00007ffbe5751000 	C:\WINDOWS\System32\ole32.dll
0x0000000061c40000 - 0x0000000061c87000 	C:\Program Files\Java\jre1.8.0_171\bin\fontmanager.dll
0x00007ffbb4a70000 - 0x00007ffbb4b90000 	C:\WINDOWS\system32\opengl32.dll
0x00007ffbbb070000 - 0x00007ffbbb09c000 	C:\WINDOWS\SYSTEM32\GLU32.dll
0x00007ffbca5d0000 - 0x00007ffbca767000 	C:\WINDOWS\system32\d3d9.dll
0x00007ffbdec80000 - 0x00007ffbdee63000 	C:\WINDOWS\System32\DriverStore\FileRepository\c0323831.inf_amd64_1212be4b9fe2386c\aticfx64.dll
0x00007ffbd0a00000 - 0x00007ffbd0a2e000 	C:\WINDOWS\System32\DriverStore\FileRepository\c0323831.inf_amd64_1212be4b9fe2386c\atiu9p64.dll
0x00007ffbb1450000 - 0x00007ffbb1fba000 	C:\WINDOWS\System32\DriverStore\FileRepository\c0323831.inf_amd64_1212be4b9fe2386c\atiumd64.dll
0x0000000060450000 - 0x00000000610ca000 	C:\WINDOWS\System32\DriverStore\FileRepository\c0323831.inf_amd64_1212be4b9fe2386c\atiumd6a.dll
0x00007ffbe09d0000 - 0x00007ffbe09f9000 	C:\WINDOWS\SYSTEM32\amdihk64.dll
0x0000000061e10000 - 0x0000000061e2a000 	C:\Program Files\Java\jre1.8.0_171\bin\net.dll
0x00007ffbe3830000 - 0x00007ffbe3896000 	C:\WINDOWS\system32\mswsock.dll
0x0000000061df0000 - 0x0000000061e01000 	C:\Program Files\Java\jre1.8.0_171\bin\nio.dll
0x0000000061bf0000 - 0x0000000061c32000 	C:\Program Files\Java\jre1.8.0_171\bin\t2k.dll
0x00007ffbd2330000 - 0x00007ffbd23c8000 	C:\WINDOWS\System32\TextInputFramework.dll
0x00007ffbe1db0000 - 0x00007ffbe1e8a000 	C:\WINDOWS\System32\CoreMessaging.dll
0x00007ffbdf480000 - 0x00007ffbdf79e000 	C:\WINDOWS\System32\CoreUIComponents.dll
0x00007ffbdf330000 - 0x00007ffbdf47d000 	C:\WINDOWS\SYSTEM32\wintypes.dll
0x00007ffbe30d0000 - 0x00007ffbe3101000 	C:\WINDOWS\SYSTEM32\ntmarta.dll
0x00007ffbe5760000 - 0x00007ffbe5800000 	C:\WINDOWS\System32\clbcatq.dll
0x00007ffbdbb50000 - 0x00007ffbdbd19000 	C:\WINDOWS\SYSTEM32\dbghelp.dll

VM Arguments:
jvm_args: -javaagent:hot_method_agent.jar=ArgumentString -Dfile.encoding=Cp1252 
java_command: test.Test_1
java_class_path (initial): C:\Program Files\Java\jre1.8.0_171\lib\resources.jar;C:\Program Files\Java\jre1.8.0_171\lib\rt.jar;C:\Program Files\Java\jre1.8.0_171\lib\jsse.jar;C:\Program Files\Java\jre1.8.0_171\lib\jce.jar;C:\Program Files\Java\jre1.8.0_171\lib\charsets.jar;C:\Program Files\Java\jre1.8.0_171\lib\jfr.jar;C:\Program Files\Java\jre1.8.0_171\lib\ext\access-bridge-64.jar;C:\Program Files\Java\jre1.8.0_171\lib\ext\cldrdata.jar;C:\Program Files\Java\jre1.8.0_171\lib\ext\dnsns.jar;C:\Program Files\Java\jre1.8.0_171\lib\ext\jaccess.jar;C:\Program Files\Java\jre1.8.0_171\lib\ext\jfxrt.jar;C:\Program Files\Java\jre1.8.0_171\lib\ext\localedata.jar;C:\Program Files\Java\jre1.8.0_171\lib\ext\nashorn.jar;C:\Program Files\Java\jre1.8.0_171\lib\ext\sunec.jar;C:\Program Files\Java\jre1.8.0_171\lib\ext\sunjce_provider.jar;C:\Program Files\Java\jre1.8.0_171\lib\ext\sunmscapi.jar;C:\Program Files\Java\jre1.8.0_171\lib\ext\sunpkcs11.jar;C:\Program Files\Java\jre1.8.0_171\lib\ext\zipfs.jar;C:\Users\Alex\Google_Drive\Omas Alex Workspace\Java_Performance_Ex1\bin;C:\Users\Alex\Google_Drive\Omas Alex Workspace\Java_Performance_Ex1\javassist.jar;hot_method_agent.jar
Launcher Type: SUN_STANDARD

Environment Variables:
PATH=C:/Program Files/Java/jre1.8.0_171/bin/server;C:/Program Files/Java/jre1.8.0_171/bin;C:/Program Files/Java/jre1.8.0_171/lib/amd64;C:\Program Files (x86)\Common Files\Oracle\Java\javapath;C:\Program Files (x86)\NVIDIA Corporation\PhysX\Common;C:\ProgramData\Oracle\Java\javapath;C:\WINDOWS\system32;C:\WINDOWS;C:\WINDOWS\System32\Wbem;C:\WINDOWS\System32\WindowsPowerShell\v1.0\;C:\Program Files (x86)\ATI Technologies\ATI.ACE\Core-Static;C:\Program Files (x86)\AMD\ATI.ACE\Core-Static;C:\Program Files\Java\jdk1.8.0_45\bin;C:\Program Files (x86)\GtkSharp\2.12\bin;C:\Program Files (x86)\Skype\Phone\;D:\Programmieren\Helper-Software und Libraries\TortoiseSVN\bin;C:\WINDOWS\System32\OpenSSH\;C:\Users\Alex\AppData\Local\Microsoft\WindowsApps;C:\intelFPGA\16.1\modelsim_ase\win32aloem;C:\Users\Alex\AppData\Local\atom\bin;C:\Program Files (x86)\Oracle\eclipse;
USERNAME=Alex
OS=Windows_NT
PROCESSOR_IDENTIFIER=AMD64 Family 21 Model 19 Stepping 1, AuthenticAMD



---------------  S Y S T E M  ---------------

OS: Windows 10.0 , 64 bit Build 17134 (10.0.17134.1)

CPU:total 4 (initial active 4) (4 cores per cpu, 1 threads per core) family 21 model 19 stepping 1, cmov, cx8, fxsr, mmx, sse, sse2, sse3, ssse3, sse4.1, sse4.2, popcnt, avx, aes, clmul, mmxext, 3dnowpref, lzcnt, sse4a, tsc, tscinvbit, tscinv, bmi1

Memory: 4k page, physical 16723076k(10037688k free), swap 33500292k(25116476k free)

vm_info: Java HotSpot(TM) 64-Bit Server VM (25.171-b11) for windows-amd64 JRE (1.8.0_171-b11), built on Mar 28 2018 16:06:12 by "java_re" with MS VC++ 10.0 (VS2010)

time: Sat Jun 16 16:13:29 2018
elapsed time: 6 seconds (0d 0h 0m 6s)

